********************************************************************************
DUPLICATOR-LITE PACKAGE-LOG: 2017-10-27 18:57:03
NOTICE: Do NOT post to public sites or forums 
********************************************************************************
VERSION:	1.2.26
WORDPRESS:	4.8.2
PHP INFO:	5.6.25 | SAPI: apache2handler
SERVER:		Apache/2.4.23 (Win64) PHP/5.6.25 
PHP TIME LIMIT: (0) no time limit imposed 
PHP MAX MEMORY: 2048M (256M default) 
MEMORY STACK: 85.75MB 

********************************************************************************
DATABASE:
********************************************************************************
BUILD MODE:   PHP(query limit - 100)
MYSQLTIMEOUT: 5000
MYSQLDUMP:    Not Supported 
TABLES: total:29 | filtered:0 | create:29 
FILTERED: [] 
SQL CREATED: 20171027_vapemarket_ad494baa8917f7984966171027185647_database.sql 
SQL FILE SIZE: 708.56KB (725569) 
SQL FILE TIME: 2017-10-27 18:57:04 
SQL RUNTIME: 0.30 sec. 

******************************************************************************** 
ARCHIVE (ZIP): 
******************************************************************************** 
ARCHIVE DIR:  C:/wamp64/www/vapemarket.ca 
ARCHIVE FILE: 20171027_vapemarket_ad494baa8917f7984966171027185647_archive.zip 
FILTERS: *OFF* 
DIRS:
	not set 
FILES:
	not set 
EXTS:  not set 
---------------------------------------- 
COMPRESSING 
SIZE:	0B 
STATS:	Dirs 0 | Files 0 
SQL ADDED: 20171027_vapemarket_ad494baa8917f7984966171027185647_database.sql 
ZipArchive Object
(
    [status] => 0
    [statusSys] => 0
    [numFiles] => 1
    [filename] => C:\wamp64\www\vapemarket.ca\wp-snapshots\tmp\20171027_vapemarket_ad494baa8917f7984966171027185647_archive.zip
    [comment] => 
)
 
COMPRESSION RESULT: '1' 
COMPRESSED SIZE: 154.49KB 
ARCHIVE RUNTIME: 0.09 sec. 
MEMORY STACK: 86.25MB 

******************************************************************************** 
MAKE INSTALLER: 
******************************************************************************** 
Build Start 
Build Finished 
Preping for use 
PACK SIZE:  
Template parsed with new data 
Complete [C:/wamp64/www/vapemarket.ca/wp-snapshots/tmp/20171027_vapemarket_ad494baa8917f7984966171027185647_installer.php] 
Added to archive 

******************************************************************************** 
INTEGRITY CHECKS: 
******************************************************************************** 
SQL File: 708.56KB 
Installer File: 438.31KB 
Archive File: 154.49KB  

********************************************************************************
RECORD ID:[1]
TOTAL PROCESS RUNTIME: 11.61 sec.
PEAK PHP MEMORY USED: 88.75MB
DONE PROCESSING => 20171027_vapemarket 2017-10-27 18:57:15
 
